==16291== Memcheck, a memory error detector
==16291== Copyright (C) 2002-2017, and GNU GPL'd, by Julian Seward et al.
==16291== Using Valgrind-3.18.1 and LibVEX; rerun with -h for copyright info
==16291== Command: ./philo 5 200 200 200
==16291== Parent PID: 16283
==16291== 
==16291== Thread 7:
==16291== Conditional jump or move depends on uninitialised value(s)
==16291==    at 0x4903FC4: lll_mutex_lock_optimized (pthread_mutex_lock.c:48)
==16291==    by 0x4903FC4: pthread_mutex_lock@@GLIBC_2.2.5 (pthread_mutex_lock.c:93)
==16291==    by 0x10A11C: murder_philos (in /home/douglas/Área de Trabalho/philosophers/philo)
==16291==    by 0x4900B42: start_thread (pthread_create.c:442)
==16291==    by 0x4991BB3: clone (clone.S:100)
==16291==  Uninitialised value was created by a stack allocation
==16291==    at 0x4895D10: (below main) (libc_start_call_main.h:29)
==16291== 
{
   <insert_a_suppression_name_here>
   Memcheck:Cond
   fun:lll_mutex_lock_optimized
   fun:pthread_mutex_lock@@GLIBC_2.2.5
   fun:murder_philos
   fun:start_thread
   fun:clone
}
==16291== 
==16291== Process terminating with default action of signal 6 (SIGABRT)
==16291==    at 0x4902A7C: __pthread_kill_implementation (pthread_kill.c:44)
==16291==    by 0x4902A7C: __pthread_kill_internal (pthread_kill.c:78)
==16291==    by 0x4902A7C: pthread_kill@@GLIBC_2.34 (pthread_kill.c:89)
==16291==    by 0x48AE475: raise (raise.c:26)
==16291==    by 0x48947F2: abort (abort.c:79)
==16291==    by 0x489471A: __assert_fail_base.cold (assert.c:92)
==16291==    by 0x48A5E95: __assert_fail (assert.c:101)
==16291==    by 0x490414F: pthread_mutex_lock@@GLIBC_2.2.5 (pthread_mutex_lock.c:94)
==16291==    by 0x10A11C: murder_philos (in /home/douglas/Área de Trabalho/philosophers/philo)
==16291==    by 0x4900B42: start_thread (pthread_create.c:442)
==16291==    by 0x4991BB3: clone (clone.S:100)
==16291== 
==16291== HEAP SUMMARY:
==16291==     in use at exit: 3,712 bytes in 13 blocks
==16291==   total heap usage: 16 allocs, 3 frees, 4,215 bytes allocated
==16291== 
==16291== Thread 1:
==16291== 40 bytes in 1 blocks are still reachable in loss record 1 of 9
==16291==    at 0x4848899: malloc (in /usr/libexec/valgrind/vgpreload_memcheck-amd64-linux.so)
==16291==    by 0x10A3DB: main (in /home/douglas/Área de Trabalho/philosophers/philo)
==16291== 
{
   <insert_a_suppression_name_here>
   Memcheck:Leak
   match-leak-kinds: reachable
   fun:malloc
   fun:main
}
==16291== 136 bytes in 1 blocks are still reachable in loss record 2 of 9
==16291==    at 0x4848899: malloc (in /usr/libexec/valgrind/vgpreload_memcheck-amd64-linux.so)
==16291==    by 0x1098AA: init_philo (in /home/douglas/Área de Trabalho/philosophers/philo)
==16291==    by 0x10A23F: create_philos (in /home/douglas/Área de Trabalho/philosophers/philo)
==16291==    by 0x10A402: main (in /home/douglas/Área de Trabalho/philosophers/philo)
==16291== 
{
   <insert_a_suppression_name_here>
   Memcheck:Leak
   match-leak-kinds: reachable
   fun:malloc
   fun:init_philo
   fun:create_philos
   fun:main
}
==16291== 200 bytes in 1 blocks are still reachable in loss record 3 of 9
==16291==    at 0x4848899: malloc (in /usr/libexec/valgrind/vgpreload_memcheck-amd64-linux.so)
==16291==    by 0x1092BD: creat_mutex (in /home/douglas/Área de Trabalho/philosophers/philo)
==16291==    by 0x109970: init_philo (in /home/douglas/Área de Trabalho/philosophers/philo)
==16291==    by 0x10A23F: create_philos (in /home/douglas/Área de Trabalho/philosophers/philo)
==16291==    by 0x10A402: main (in /home/douglas/Área de Trabalho/philosophers/philo)
==16291== 
{
   <insert_a_suppression_name_here>
   Memcheck:Leak
   match-leak-kinds: reachable
   fun:malloc
   fun:creat_mutex
   fun:init_philo
   fun:create_philos
   fun:main
}
==16291== 200 bytes in 1 blocks are still reachable in loss record 4 of 9
==16291==    at 0x4848899: malloc (in /usr/libexec/valgrind/vgpreload_memcheck-amd64-linux.so)
==16291==    by 0x1092E6: creat_mutex (in /home/douglas/Área de Trabalho/philosophers/philo)
==16291==    by 0x109970: init_philo (in /home/douglas/Área de Trabalho/philosophers/philo)
==16291==    by 0x10A23F: create_philos (in /home/douglas/Área de Trabalho/philosophers/philo)
==16291==    by 0x10A402: main (in /home/douglas/Área de Trabalho/philosophers/philo)
==16291== 
{
   <insert_a_suppression_name_here>
   Memcheck:Leak
   match-leak-kinds: reachable
   fun:malloc
   fun:creat_mutex
   fun:init_philo
   fun:create_philos
   fun:main
}
==16291== 200 bytes in 1 blocks are still reachable in loss record 5 of 9
==16291==    at 0x4848899: malloc (in /usr/libexec/valgrind/vgpreload_memcheck-amd64-linux.so)
==16291==    by 0x10930F: creat_mutex (in /home/douglas/Área de Trabalho/philosophers/philo)
==16291==    by 0x109970: init_philo (in /home/douglas/Área de Trabalho/philosophers/philo)
==16291==    by 0x10A23F: create_philos (in /home/douglas/Área de Trabalho/philosophers/philo)
==16291==    by 0x10A402: main (in /home/douglas/Área de Trabalho/philosophers/philo)
==16291== 
{
   <insert_a_suppression_name_here>
   Memcheck:Leak
   match-leak-kinds: reachable
   fun:malloc
   fun:creat_mutex
   fun:init_philo
   fun:create_philos
   fun:main
}
==16291== 272 bytes in 1 blocks are possibly lost in loss record 6 of 9
==16291==    at 0x484DA83: calloc (in /usr/libexec/valgrind/vgpreload_memcheck-amd64-linux.so)
==16291==    by 0x40147D9: calloc (rtld-malloc.h:44)
==16291==    by 0x40147D9: allocate_dtv (dl-tls.c:375)
==16291==    by 0x40147D9: _dl_allocate_tls (dl-tls.c:634)
==16291==    by 0x4901834: allocate_stack (allocatestack.c:430)
==16291==    by 0x4901834: pthread_create@@GLIBC_2.34 (pthread_create.c:647)
==16291==    by 0x10A2DD: create_philos (in /home/douglas/Área de Trabalho/philosophers/philo)
==16291==    by 0x10A402: main (in /home/douglas/Área de Trabalho/philosophers/philo)
==16291== 
{
   <insert_a_suppression_name_here>
   Memcheck:Leak
   match-leak-kinds: possible
   fun:calloc
   fun:calloc
   fun:allocate_dtv
   fun:_dl_allocate_tls
   fun:allocate_stack
   fun:pthread_create@@GLIBC_2.34
   fun:create_philos
   fun:main
}
==16291== 280 bytes in 1 blocks are still reachable in loss record 7 of 9
==16291==    at 0x4848899: malloc (in /usr/libexec/valgrind/vgpreload_memcheck-amd64-linux.so)
==16291==    by 0x1099AB: init_info (in /home/douglas/Área de Trabalho/philosophers/philo)
==16291==    by 0x10A24F: create_philos (in /home/douglas/Área de Trabalho/philosophers/philo)
==16291==    by 0x10A402: main (in /home/douglas/Área de Trabalho/philosophers/philo)
==16291== 
{
   <insert_a_suppression_name_here>
   Memcheck:Leak
   match-leak-kinds: reachable
   fun:malloc
   fun:init_info
   fun:create_philos
   fun:main
}
==16291== 1,024 bytes in 1 blocks are still reachable in loss record 8 of 9
==16291==    at 0x4848899: malloc (in /usr/libexec/valgrind/vgpreload_memcheck-amd64-linux.so)
==16291==    by 0x48EAC23: _IO_file_doallocate (filedoalloc.c:101)
==16291==    by 0x48F9D5F: _IO_doallocbuf (genops.c:347)
==16291==    by 0x48F8FDF: _IO_file_overflow@@GLIBC_2.2.5 (fileops.c:744)
==16291==    by 0x48F7754: _IO_new_file_xsputn (fileops.c:1243)
==16291==    by 0x48F7754: _IO_file_xsputn@@GLIBC_2.2.5 (fileops.c:1196)
==16291==    by 0x48E1D28: outstring_func (vfprintf-internal.c:239)
==16291==    by 0x48E1D28: __vfprintf_internal (vfprintf-internal.c:1516)
==16291==    by 0x48CC81E: printf (printf.c:33)
==16291==    by 0x109B6F: mprint (in /home/douglas/Área de Trabalho/philosophers/philo)
==16291==    by 0x109E5F: routine (in /home/douglas/Área de Trabalho/philosophers/philo)
==16291==    by 0x4900B42: start_thread (pthread_create.c:442)
==16291==    by 0x4991BB3: clone (clone.S:100)
==16291== 
{
   <insert_a_suppression_name_here>
   Memcheck:Leak
   match-leak-kinds: reachable
   fun:malloc
   fun:_IO_file_doallocate
   fun:_IO_doallocbuf
   fun:_IO_file_overflow@@GLIBC_2.2.5
   fun:_IO_new_file_xsputn
   fun:_IO_file_xsputn@@GLIBC_2.2.5
   fun:outstring_func
   fun:__vfprintf_internal
   fun:printf
   fun:mprint
   fun:routine
   fun:start_thread
   fun:clone
}
==16291== 1,360 bytes in 5 blocks are possibly lost in loss record 9 of 9
==16291==    at 0x484DA83: calloc (in /usr/libexec/valgrind/vgpreload_memcheck-amd64-linux.so)
==16291==    by 0x40147D9: calloc (rtld-malloc.h:44)
==16291==    by 0x40147D9: allocate_dtv (dl-tls.c:375)
==16291==    by 0x40147D9: _dl_allocate_tls (dl-tls.c:634)
==16291==    by 0x4901834: allocate_stack (allocatestack.c:430)
==16291==    by 0x4901834: pthread_create@@GLIBC_2.34 (pthread_create.c:647)
==16291==    by 0x10A29C: create_philos (in /home/douglas/Área de Trabalho/philosophers/philo)
==16291==    by 0x10A402: main (in /home/douglas/Área de Trabalho/philosophers/philo)
==16291== 
{
   <insert_a_suppression_name_here>
   Memcheck:Leak
   match-leak-kinds: possible
   fun:calloc
   fun:calloc
   fun:allocate_dtv
   fun:_dl_allocate_tls
   fun:allocate_stack
   fun:pthread_create@@GLIBC_2.34
   fun:create_philos
   fun:main
}
==16291== LEAK SUMMARY:
==16291==    definitely lost: 0 bytes in 0 blocks
==16291==    indirectly lost: 0 bytes in 0 blocks
==16291==      possibly lost: 1,632 bytes in 6 blocks
==16291==    still reachable: 2,080 bytes in 7 blocks
==16291==         suppressed: 0 bytes in 0 blocks
==16291== 
==16291== For lists of detected and suppressed errors, rerun with: -s
==16291== ERROR SUMMARY: 3 errors from 3 contexts (suppressed: 0 from 0)
